0 info it worked if it ends with ok
1 verbose cli [ '/usr/bin/node', '/usr/bin/npm', 'publish' ]
2 info using npm@3.5.2
3 info using node@v8.10.0
4 verbose publish [ '.' ]
5 silly cache add args [ '.', null ]
6 verbose cache add spec .
7 silly cache add parsed spec Result {
7 silly cache add   raw: '.',
7 silly cache add   scope: null,
7 silly cache add   name: null,
7 silly cache add   rawSpec: '.',
7 silly cache add   spec: '/home/disyakidneyshot/Рабочий стол/quill-delta-markdown',
7 silly cache add   type: 'directory' }
8 verbose addLocalDirectory /home/disyakidneyshot/.npm/quill-delta-markdown/0.0.1/package.tgz not in flight; packing
9 info lifecycle quill-delta-markdown@0.0.1~prepublish: quill-delta-markdown@0.0.1
10 silly lifecycle quill-delta-markdown@0.0.1~prepublish: no script for prepublish, continuing
11 verbose tar pack [ '/home/disyakidneyshot/.npm/quill-delta-markdown/0.0.1/package.tgz',
11 verbose tar pack   '/home/disyakidneyshot/Рабочий стол/quill-delta-markdown' ]
12 verbose tarball /home/disyakidneyshot/.npm/quill-delta-markdown/0.0.1/package.tgz
13 verbose folder /home/disyakidneyshot/Рабочий стол/quill-delta-markdown
14 verbose addLocalTarball adding from inside cache /home/disyakidneyshot/.npm/quill-delta-markdown/0.0.1/package.tgz
15 silly cache afterAdd quill-delta-markdown@0.0.1
16 verbose afterAdd /home/disyakidneyshot/.npm/quill-delta-markdown/0.0.1/package/package.json not in flight; writing
17 verbose afterAdd /home/disyakidneyshot/.npm/quill-delta-markdown/0.0.1/package/package.json written
18 silly publish { _inCache: true,
18 silly publish   _installable: true,
18 silly publish   repository:
18 silly publish    { type: 'git',
18 silly publish      url: 'git+https://github.com/disyakidneyshot/quill-delta-markdown.git' },
18 silly publish   dependencies:
18 silly publish    { commonmark: '^0.26.0',
18 silly publish      lodash: '^4.16.4',
18 silly publish      'quill-delta': '^3.4.0' },
18 silly publish   description: 'To and from Markdown and Quill delta',
18 silly publish   devDependencies:
18 silly publish    { eslint: '3.8.1',
18 silly publish      'eslint-plugin-node': '2.1.3',
18 silly publish      jest: '^21.0.1',
18 silly publish      prettier: '^1.5.2' },
18 silly publish   directories: {},
18 silly publish   keywords: [ 'delta', 'markdown', 'quill' ],
18 silly publish   license: 'ISC',
18 silly publish   main: 'index.js',
18 silly publish   name: 'quill-delta-markdown',
18 silly publish   optionalDependencies: {},
18 silly publish   public: true,
18 silly publish   readme: 'ERROR: No README data found!',
18 silly publish   scripts:
18 silly publish    { pretty: 'find ./**/*.js | xargs prettier --write --no-semi --print-width 80 --single-quote --trailing-comma es5',
18 silly publish      test: 'jest',
18 silly publish      'test:watch': 'mocha "tests/**/*.spec.js" --reporter progress --watch' },
18 silly publish   version: '0.0.1',
18 silly publish   gitHead: '8db81d955702dbb9f4993fa4e3c712d8c250f0f3',
18 silly publish   bugs:
18 silly publish    { url: 'https://github.com/disyakidneyshot/quill-delta-markdown/issues' },
18 silly publish   homepage: 'https://github.com/disyakidneyshot/quill-delta-markdown#readme',
18 silly publish   _id: 'quill-delta-markdown@0.0.1',
18 silly publish   _shasum: 'aeb6df98a90c1611abde0b0c5050402400ca151c',
18 silly publish   _from: '.' }
19 verbose getPublishConfig undefined
20 silly mapToRegistry name quill-delta-markdown
21 silly mapToRegistry using default registry
22 silly mapToRegistry registry https://registry.npmjs.org/
23 silly mapToRegistry uri https://registry.npmjs.org/quill-delta-markdown
24 verbose publish registryBase https://registry.npmjs.org/
25 silly publish uploading /home/disyakidneyshot/.npm/quill-delta-markdown/0.0.1/package.tgz
26 verbose request uri https://registry.npmjs.org/quill-delta-markdown
27 verbose request sending authorization for write operation
28 info attempt registry request try #1 at 15:16:48
29 verbose request using bearer token for auth
30 verbose request id be34634daf24400f
31 http request PUT https://registry.npmjs.org/quill-delta-markdown
32 http 403 https://registry.npmjs.org/quill-delta-markdown
33 verbose headers { date: 'Thu, 13 Sep 2018 10:16:49 GMT',
33 verbose headers   'content-type': 'application/json',
33 verbose headers   'transfer-encoding': 'chunked',
33 verbose headers   connection: 'keep-alive',
33 verbose headers   'set-cookie':
33 verbose headers    [ '__cfduid=d785366294778fa5c9ba2bdbad1f2d83a1536833809; expires=Fri, 13-Sep-19 10:16:49 GMT; path=/; domain=.registry.npmjs.org; HttpOnly' ],
33 verbose headers   'cf-ray': '4599dc4afd624f02-DME',
33 verbose headers   'expect-ct': 'max-age=604800, report-uri="https://report-uri.cloudflare.com/cdn-cgi/beacon/expect-ct"',
33 verbose headers   vary: 'Accept-Encoding',
33 verbose headers   server: 'cloudflare',
33 verbose headers   'content-encoding': 'gzip' }
34 verbose request invalidating /home/disyakidneyshot/.npm/registry.npmjs.org/quill-delta-markdown on PUT
35 error publish Failed PUT 403
36 verbose stack Error: You do not have permission to publish "quill-delta-markdown". Are you logged in as the correct user? : quill-delta-markdown
36 verbose stack     at makeError (/usr/share/npm/node_modules/npm-registry-client/lib/request.js:264:12)
36 verbose stack     at CachingRegistryClient.<anonymous> (/usr/share/npm/node_modules/npm-registry-client/lib/request.js:252:14)
36 verbose stack     at /usr/share/npm/node_modules/npm-registry-client/lib/request.js:178:7
36 verbose stack     at Gunzip.onEnd (zlib.js:131:5)
36 verbose stack     at emitNone (events.js:111:20)
36 verbose stack     at Gunzip.emit (events.js:208:7)
36 verbose stack     at endReadableNT (_stream_readable.js:1064:12)
36 verbose stack     at _combinedTickCallback (internal/process/next_tick.js:138:11)
36 verbose stack     at process._tickCallback (internal/process/next_tick.js:180:9)
37 verbose statusCode 403
38 verbose pkgid quill-delta-markdown
39 verbose cwd /home/disyakidneyshot/Рабочий стол/quill-delta-markdown
40 error Linux 4.15.0-34-generic
41 error argv "/usr/bin/node" "/usr/bin/npm" "publish"
42 error node v8.10.0
43 error npm  v3.5.2
44 error code E403
45 error You do not have permission to publish "quill-delta-markdown". Are you logged in as the correct user? : quill-delta-markdown
46 error If you need help, you may report this error at:
46 error     <https://github.com/npm/npm/issues>
47 verbose exit [ 1, true ]
